multicurrency/build/intermediates/manifest_merge_blame_file/debug/manifest-merger-blame-debug-report.txt
1<?xml version="1.0" encoding="utf-8"?>
2<manifest xmlns:android="http://schemas.android.com/apk/res/android"
3    xmlns:tools="http://schemas.android.com/tools"
4    package="co.yap.multicurrency"
5    android:versionCode="1"
6    android:versionName="1.0" >
7
8    <uses-sdk
9        android:minSdkVersion="23"
9-->src\main\AndroidManifest.xml
10        android:targetSdkVersion="29" />
10-->src\main\AndroidManifest.xml
11
12    <application
12-->src\main\AndroidManifest.xml:5:5-25:19
13        android:allowBackup="false"
13-->src\main\AndroidManifest.xml:6:9-36
14        tools:remove="android:debuggable"
14-->src\main\AndroidManifest.xml:7:9-42
15        tools:replace="android:allowBackup" >
15-->src\main\AndroidManifest.xml:8:9-44
16        <activity
16-->src\main\AndroidManifest.xml:10:9-15:20
17            android:name="co.yap.multicurrency.base.MCLandingActivty"
17-->src\main\AndroidManifest.xml:11:13-70
18            android:screenOrientation="portrait"
18-->src\main\AndroidManifest.xml:12:13-49
19            android:windowSoftInputMode="adjustResize" >
19-->src\main\AndroidManifest.xml:13:13-55
20            <nav-graph android:value="@navigation/navigation_wallet" />
20-->src\main\AndroidManifest.xml:14:13-72
20-->src\main\AndroidManifest.xml:14:24-69
21        </activity>
22        <activity
22-->src\main\AndroidManifest.xml:17:9-22:20
23            android:name="co.yap.multicurrency.ratesalerts.base.RatesAndAlertsActivity"
23-->src\main\AndroidManifest.xml:18:13-88
24            android:screenOrientation="portrait"
24-->src\main\AndroidManifest.xml:19:13-49
25            android:windowSoftInputMode="adjustResize" >
25-->src\main\AndroidManifest.xml:20:13-55
26            <nav-graph android:value="@navigation/navigation_rates_and_alerts" />
26-->src\main\AndroidManifest.xml:14:13-72
26-->src\main\AndroidManifest.xml:14:24-69
27        </activity>
28    </application>
29
30</manifest>